<?xml version="1.0" encoding="UTF-8"?>
<testng-results skipped="0" failed="0" total="1" passed="1">
  <reporter-output>
  </reporter-output>
  <suite name="Suite" duration-ms="73160" started-at="2017-04-17T05:10:18Z" finished-at="2017-04-17T05:11:31Z">
    <groups>
    </groups>
    <test name="UnitTest" duration-ms="73160" started-at="2017-04-17T05:10:18Z" finished-at="2017-04-17T05:11:31Z">
      <class name="testCase.Verify_VelidLogin">
        <test-method status="PASS" signature="setUp()[pri:0, instance:testCase.Verify_VelidLogin@3e6fa38a]" name="setUp" is-config="true" duration-ms="735" started-at="2017-04-17T10:40:17Z" finished-at="2017-04-17T10:40:18Z">
          <reporter-output>
          </reporter-output>
        </test-method> <!-- setUp -->
        <test-method status="PASS" signature="validLogin()[pri:0, instance:testCase.Verify_VelidLogin@3e6fa38a]" name="validLogin" duration-ms="73072" started-at="2017-04-17T10:40:18Z" finished-at="2017-04-17T10:41:31Z">
          <reporter-output>
          </reporter-output>
        </test-method> <!-- validLogin -->
        <test-method status="PASS" signature="getResult(org.testng.ITestResult)[pri:0, instance:testCase.Verify_VelidLogin@3e6fa38a]" name="getResult" is-config="true" duration-ms="3" started-at="2017-04-17T10:41:31Z" finished-at="2017-04-17T10:41:31Z">
          <params>
            <param index="0">
              <value>
                <![CDATA[[TestResult name=validLogin status=SUCCESS method=Verify_VelidLogin.validLogin()[pri:0, instance:testCase.Verify_VelidLogin@3e6fa38a] output={null}]]]>
              </value>
            </param>
          </params>
          <reporter-output>
          </reporter-output>
        </test-method> <!-- getResult -->
        <test-method status="PASS" signature="tearDown()[pri:0, instance:testCase.Verify_VelidLogin@3e6fa38a]" name="tearDown" is-config="true" duration-ms="14217" started-at="2017-04-17T10:41:31Z" finished-at="2017-04-17T10:41:45Z">
          <reporter-output>
          </reporter-output>
        </test-method> <!-- tearDown -->
      </class> <!-- testCase.Verify_VelidLogin -->
    </test> <!-- UnitTest -->
  </suite> <!-- Suite -->
</testng-results>
